============================================================
  Generated by:           Genus(TM) Synthesis Solution 20.11-s111_1
  Generated on:           Nov 27 2025  12:54:17 pm
  Module:                 accelerator
  Operating conditions:   typical (balanced_tree)
  Wireload mode:          enclosed
  Area mode:              timing library
============================================================

                                 
   Gate    Instances     Area      Library  
--------------------------------------------
ADDFX1          1041   20486.254    typical 
ADDFXL          2936   57778.715    typical 
ADDHX1            49     593.410    typical 
AND2X1          2609   11848.513    typical 
AND2XL           913    4146.298    typical 
AND4X1             1       6.812    typical 
AO21X1             1       6.812    typical 
AO22XL            23     174.087    typical 
AOI211X1           7      37.088    typical 
AOI211XL           6      31.790    typical 
AOI21X1          546    2479.604    typical 
AOI21XL           11      49.955    typical 
AOI221X1          11      83.259    typical 
AOI221XL           1       7.569    typical 
AOI22X1            2      12.110    typical 
AOI22XL          512    3100.262    typical 
AOI2BB1X1          7      42.386    typical 
AOI31XL            2      12.110    typical 
CLKINVX1          85     193.010    typical 
CLKINVX2           1       3.784    typical 
CLKXOR2X1          7      58.281    typical 
INVX1            104     236.153    typical 
INVXL             31      70.392    typical 
MX2X1              2      13.624    typical 
MXI2XL           224    1356.365    typical 
NAND2BX1         162     735.707    typical 
NAND2BXL           6      27.248    typical 
NAND2XL         1771    5361.880    typical 
NAND3BX1          13      78.718    typical 
NAND3X1           19      86.287    typical 
NAND3XL            2       9.083    typical 
NAND4XL          128     678.182    typical 
NOR2BX1          901    4091.801    typical 
NOR2BXL          117     531.344    typical 
NOR2XL           853    2582.543    typical 
NOR3BX1            8      48.442    typical 
NOR3X1            52     236.153    typical 
NOR3XL             1       4.541    typical 
NOR4BX1            2      13.624    typical 
OA21X1             1       6.812    typical 
OA21XL            10      68.121    typical 
OA22X1             1       7.569    typical 
OA22XL             1       7.569    typical 
OAI211X1          13      68.878    typical 
OAI211XL           4      21.193    typical 
OAI21X1           77     349.688    typical 
OAI21XL           13      59.038    typical 
OAI221X1           4      30.276    typical 
OAI221XL           1       7.569    typical 
OAI22X1            7      42.386    typical 
OAI22XL            3      18.166    typical 
OAI2BB1X1          1       5.298    typical 
OAI2BB1XL          2      10.597    typical 
OAI31X1            8      48.442    typical 
OAI32XL            1       6.812    typical 
OR2X1              1       4.541    typical 
OR3X1              8      48.442    typical 
OR4XL              2      13.624    typical 
SDFFQX1         2150   43938.045    typical 
SDFFQXL            7     143.054    typical 
SMDFFHQX1       1028   27233.263    typical 
TLATX1             5      71.906    typical 
XNOR2X1            7      58.281    typical 
XNOR2XL           16     133.214    typical 
XOR2XL            10      83.259    typical 
--------------------------------------------
total          16548  189800.241            


                                           
     Type      Instances    Area    Area % 
-------------------------------------------
sequential          3190  71386.268   37.6 
inverter             221    503.339    0.3 
logic              13137 117910.635   62.1 
physical_cells         0      0.000    0.0 
-------------------------------------------
total              16548 189800.241  100.0 

