============================================================
  Generated by:           Genus(TM) Synthesis Solution 20.11-s111_1
  Generated on:           Nov 27 2025  12:54:15 pm
  Module:                 accelerator
  Operating conditions:   typical (balanced_tree)
  Wireload mode:          enclosed
  Area mode:              timing library
============================================================


Path 1: MET (814 ps) Setup Check with Pin multiplier_PE_ROW[0].PE_COL[4].genblk1.PE_inst_c_reg[15]/CK->D
          Group: clk
     Startpoint: (F) rst
          Clock: (R) clk
       Endpoint: (R) multiplier_PE_ROW[0].PE_COL[4].genblk1.PE_inst_c_reg[15]/D
          Clock: (R) clk

                     Capture       Launch     
        Clock Edge:+    4000            0     
        Drv Adjust:+       0            0     
       Src Latency:+       0            0     
       Net Latency:+       0 (I)        0 (I) 
           Arrival:=    4000            0     
                                              
             Setup:-     162                  
       Uncertainty:-      10                  
     Required Time:=    3828                  
      Launch Clock:-       0                  
       Input Delay:-      10                  
         Data Path:-    3004                  
             Slack:=     814                  

Exceptions/Constraints:
  input_delay              10             sys_array.sdc_line_5 

#-------------------------------------------------------------------------------------------------------------------------------------------------------------
#                                   Timing Point                                    Flags    Arc   Edge   Cell     Fanout  Load  Trans Delay Arrival Instance 
#                                                                                                                          (fF)   (ps)  (ps)   (ps)  Location 
#-------------------------------------------------------------------------------------------------------------------------------------------------------------
  rst                                                                               -       -      F     (arrival)    969 2583.4     0     0      10    (-,-) 
  hi_fo_buf36079/Y                                                                  -       A->Y   R     CLKINVX1     120  215.2   918   591     601    (-,-) 
  g15437__1617/Y                                                                    -       A->Y   F     NAND2XL       16   46.4   503   440    1040    (-,-) 
  g15300__1705/Y                                                                    -       B->Y   R     NOR2BX1        9   15.6   204   221    1261    (-,-) 
  csa_tree_multiplier_PE_ROW_0__PE_COL_4__genblk1_PE_inst_add_42_40_groupi_g1941/Y  -       B->Y   F     NAND2XL        1    6.3   102    76    1337    (-,-) 
  csa_tree_multiplier_PE_ROW_0__PE_COL_4__genblk1_PE_inst_add_42_40_groupi_g1848/S  -       B->S   R     ADDFXL         1    5.0    54   183    1520    (-,-) 
  csa_tree_multiplier_PE_ROW_0__PE_COL_4__genblk1_PE_inst_add_42_40_groupi_g1824/S  -       CI->S  F     ADDFXL         1    6.8    56   148    1668    (-,-) 
  csa_tree_multiplier_PE_ROW_0__PE_COL_4__genblk1_PE_inst_add_42_40_groupi_g1798/CO -       A->CO  F     ADDFX1         1    5.0    42   118    1786    (-,-) 
  csa_tree_multiplier_PE_ROW_0__PE_COL_4__genblk1_PE_inst_add_42_40_groupi_g1792/CO -       CI->CO F     ADDFX1         1    5.0    42   110    1895    (-,-) 
  csa_tree_multiplier_PE_ROW_0__PE_COL_4__genblk1_PE_inst_add_42_40_groupi_g1786/CO -       CI->CO F     ADDFX1         1    5.0    42   110    2005    (-,-) 
  csa_tree_multiplier_PE_ROW_0__PE_COL_4__genblk1_PE_inst_add_42_40_groupi_g1780/CO -       CI->CO F     ADDFX1         1    5.0    42   110    2114    (-,-) 
  csa_tree_multiplier_PE_ROW_0__PE_COL_4__genblk1_PE_inst_add_42_40_groupi_g1778/CO -       CI->CO F     ADDFX1         1    5.0    42   110    2224    (-,-) 
  csa_tree_multiplier_PE_ROW_0__PE_COL_4__genblk1_PE_inst_add_42_40_groupi_g1776/CO -       CI->CO F     ADDFX1         1    5.0    42   110    2333    (-,-) 
  csa_tree_multiplier_PE_ROW_0__PE_COL_4__genblk1_PE_inst_add_42_40_groupi_g1774/CO -       CI->CO F     ADDFX1         1    5.0    42   110    2443    (-,-) 
  csa_tree_multiplier_PE_ROW_0__PE_COL_4__genblk1_PE_inst_add_42_40_groupi_g1772/CO -       CI->CO F     ADDFX1         2    6.4    46   114    2557    (-,-) 
  csa_tree_multiplier_PE_ROW_0__PE_COL_4__genblk1_PE_inst_add_42_40_groupi_g1768/Y  -       A1->Y  R     OAI22X1        1    5.0    72    63    2620    (-,-) 
  csa_tree_multiplier_PE_ROW_0__PE_COL_4__genblk1_PE_inst_add_42_40_groupi_g1766/CO -       CI->CO R     ADDFX1         1    5.0    40   101    2721    (-,-) 
  csa_tree_multiplier_PE_ROW_0__PE_COL_4__genblk1_PE_inst_add_42_40_groupi_g1765/CO -       CI->CO R     ADDFX1         1    5.0    40    94    2814    (-,-) 
  csa_tree_multiplier_PE_ROW_0__PE_COL_4__genblk1_PE_inst_add_42_40_groupi_g1764/CO -       CI->CO R     ADDFX1         2    4.5    38    92    2906    (-,-) 
  csa_tree_multiplier_PE_ROW_0__PE_COL_4__genblk1_PE_inst_add_42_40_groupi_g1763/Y  -       B->Y   F     NAND2XL        1    2.9    37    34    2941    (-,-) 
  csa_tree_multiplier_PE_ROW_0__PE_COL_4__genblk1_PE_inst_add_42_40_groupi_g1762/Y  -       B0->Y  R     OAI21X1        1    1.7    36    24    2965    (-,-) 
  g35340/Y                                                                          -       B->Y   R     AND2XL         1    1.9    50    50    3014    (-,-) 
  multiplier_PE_ROW[0].PE_COL[4].genblk1.PE_inst_c_reg[15]/D                        <<<     -      R     SDFFQX1        1      -     -     0    3014    (-,-) 
#-------------------------------------------------------------------------------------------------------------------------------------------------------------

